<?xml version="1.0" encoding="UTF-8"?>
<!-- Generated by org.testng.reporters.JUnitXMLReporter -->
<testsuite ignored="4" hostname="LAPTOP-BJQHU9G0" failures="0" tests="3" name="firefox" time="1.367" errors="0" timestamp="2022-05-24T11:17:18 IST">
  <testcase classname="Ctom.SDET34L1GenericUtility.BaseClass" name="@BeforeClass beforeClassTest" time="0.01">
    <failure type="java.lang.Error" message="Unresolved compilation problems: 
	s cannot be resolved to a type
	Syntax error on token &amp;quot;.&amp;quot;, ; expected
	The method navigateApp(String, WebDriver) is undefined for the type BaseClass
">
      <![CDATA[java.lang.Error: Unresolved compilation problems: 
s cannot be resolved to a type
Syntax error on token ".", ; expected
The method navigateApp(String, WebDriver) is undefined for the type BaseClass

at Ctom.SDET34L1GenericUtility.BaseClass.beforeClassTest(BaseClass.java:78)
at java.base/java.util.ArrayList.forEach(ArrayList.java:1511)
at java.base/java.util.concurrent.FutureTask.run(FutureTask.java:264)
at java.base/java.util.concurrent.ThreadPoolExecutor.runWorker(ThreadPoolExecutor.java:1130)
at java.base/java.util.concurrent.ThreadPoolExecutor$Worker.run(ThreadPoolExecutor.java:630)
at java.base/java.lang.Thread.run(Thread.java:831)
... Removed 16 stack frames]]>
    </failure>
  </testcase> <!-- @BeforeClass beforeClassTest -->
  <testcase classname="Ctom.SDET34L1GenericUtility.BaseClass" name="@BeforeClass beforeClassTest" time="0.01">
    <failure type="java.lang.Error" message="Unresolved compilation problems: 
	s cannot be resolved to a type
	Syntax error on token &amp;quot;.&amp;quot;, ; expected
	The method navigateApp(String, WebDriver) is undefined for the type BaseClass
">
      <![CDATA[java.lang.Error: Unresolved compilation problems: 
s cannot be resolved to a type
Syntax error on token ".", ; expected
The method navigateApp(String, WebDriver) is undefined for the type BaseClass

at Ctom.SDET34L1GenericUtility.BaseClass.beforeClassTest(BaseClass.java:78)
at java.base/java.util.ArrayList.forEach(ArrayList.java:1511)
at java.base/java.util.concurrent.FutureTask.run(FutureTask.java:264)
at java.base/java.util.concurrent.ThreadPoolExecutor.runWorker(ThreadPoolExecutor.java:1130)
at java.base/java.util.concurrent.ThreadPoolExecutor$Worker.run(ThreadPoolExecutor.java:630)
at java.base/java.lang.Thread.run(Thread.java:831)
... Removed 16 stack frames]]>
    </failure>
  </testcase> <!-- @BeforeClass beforeClassTest -->
  <testcase classname="Ctom.SDET34L1GenericUtility.BaseClass" name="@BeforeMethod beforeMethod1Test" time="-1.653371238052E9">
    <skipped/>
  </testcase> <!-- @BeforeMethod beforeMethod1Test -->
  <testcase classname="Ctom.SDET34L1GenericUtility.BaseClass" name="@BeforeMethod beforeMethod1Test" time="-1.653371238052E9">
    <skipped/>
  </testcase> <!-- @BeforeMethod beforeMethod1Test -->
  <testcase classname="Ctom.SDET34L1GenericUtility.BaseClass" name="@AfterMethod afterMethod1Test" time="-1.653371238183E9">
    <skipped/>
  </testcase> <!-- @AfterMethod afterMethod1Test -->
  <testcase classname="Ctom.SDET34L1GenericUtility.BaseClass" name="@AfterMethod afterMethod1Test" time="-1.653371238236E9">
    <skipped/>
  </testcase> <!-- @AfterMethod afterMethod1Test -->
  <testcase classname="Ctom.SDET34L1GenericUtility.BaseClass" name="@AfterClass afterClassTest" time="-1.653371238285E9">
    <skipped/>
  </testcase> <!-- @AfterClass afterClassTest -->
  <testcase classname="Ctom.SDET34L1GenericUtility.BaseClass" name="@AfterClass afterClassTest" time="-1.653371238298E9">
    <skipped/>
  </testcase> <!-- @AfterClass afterClassTest -->
  <testcase classname="Ctom.SDET34L1GenericUtility.BaseClass" name="@BeforeClass beforeClassTest" time="0.001">
    <failure type="java.lang.Error" message="Unresolved compilation problems: 
	s cannot be resolved to a type
	Syntax error on token &amp;quot;.&amp;quot;, ; expected
	The method navigateApp(String, WebDriver) is undefined for the type BaseClass
">
      <![CDATA[java.lang.Error: Unresolved compilation problems: 
s cannot be resolved to a type
Syntax error on token ".", ; expected
The method navigateApp(String, WebDriver) is undefined for the type BaseClass

at Ctom.SDET34L1GenericUtility.BaseClass.beforeClassTest(BaseClass.java:78)
at java.base/java.util.ArrayList.forEach(ArrayList.java:1511)
at java.base/java.util.concurrent.FutureTask.run(FutureTask.java:264)
at java.base/java.util.concurrent.ThreadPoolExecutor.runWorker(ThreadPoolExecutor.java:1130)
at java.base/java.util.concurrent.ThreadPoolExecutor$Worker.run(ThreadPoolExecutor.java:630)
at java.base/java.lang.Thread.run(Thread.java:831)
... Removed 16 stack frames]]>
    </failure>
  </testcase> <!-- @BeforeClass beforeClassTest -->
  <testcase classname="Ctom.SDET34L1GenericUtility.BaseClass" name="@BeforeClass beforeClassTest" time="0.007">
    <failure type="java.lang.Error" message="Unresolved compilation problems: 
	s cannot be resolved to a type
	Syntax error on token &amp;quot;.&amp;quot;, ; expected
	The method navigateApp(String, WebDriver) is undefined for the type BaseClass
">
      <![CDATA[java.lang.Error: Unresolved compilation problems: 
s cannot be resolved to a type
Syntax error on token ".", ; expected
The method navigateApp(String, WebDriver) is undefined for the type BaseClass

at Ctom.SDET34L1GenericUtility.BaseClass.beforeClassTest(BaseClass.java:78)
at java.base/java.util.ArrayList.forEach(ArrayList.java:1511)
at java.base/java.util.concurrent.FutureTask.run(FutureTask.java:264)
at java.base/java.util.concurrent.ThreadPoolExecutor.runWorker(ThreadPoolExecutor.java:1130)
at java.base/java.util.concurrent.ThreadPoolExecutor$Worker.run(ThreadPoolExecutor.java:630)
at java.base/java.lang.Thread.run(Thread.java:831)
... Removed 16 stack frames]]>
    </failure>
  </testcase> <!-- @BeforeClass beforeClassTest -->
  <testcase classname="Ctom.SDET34L1GenericUtility.BaseClass" name="@BeforeMethod beforeMethod1Test" time="-1.653371238358E9">
    <skipped/>
  </testcase> <!-- @BeforeMethod beforeMethod1Test -->
  <testcase classname="Ctom.SDET34L1GenericUtility.BaseClass" name="@BeforeMethod beforeMethod1Test" time="-1.653371238378E9">
    <skipped/>
  </testcase> <!-- @BeforeMethod beforeMethod1Test -->
  <testcase classname="Ctom.SDET34L1GenericUtility.BaseClass" name="@AfterMethod afterMethod1Test" time="-1.65337123848E9">
    <skipped/>
  </testcase> <!-- @AfterMethod afterMethod1Test -->
  <testcase classname="Ctom.SDET34L1GenericUtility.BaseClass" name="@AfterClass afterClassTest" time="-1.653371238491E9">
    <skipped/>
  </testcase> <!-- @AfterClass afterClassTest -->
  <testcase classname="Ctom.SDET34L1GenericUtility.BaseClass" name="@AfterMethod afterMethod1Test" time="-1.653371238485E9">
    <skipped/>
  </testcase> <!-- @AfterMethod afterMethod1Test -->
  <testcase classname="Ctom.SDET34L1GenericUtility.BaseClass" name="@AfterClass afterClassTest" time="-1.653371238504E9">
    <skipped/>
  </testcase> <!-- @AfterClass afterClassTest -->
  <testcase classname="Ctom.SDET34L1GenericUtility.BaseClass" name="@BeforeClass beforeClassTest" time="0.002">
    <failure type="java.lang.Error" message="Unresolved compilation problems: 
	s cannot be resolved to a type
	Syntax error on token &amp;quot;.&amp;quot;, ; expected
	The method navigateApp(String, WebDriver) is undefined for the type BaseClass
">
      <![CDATA[java.lang.Error: Unresolved compilation problems: 
s cannot be resolved to a type
Syntax error on token ".", ; expected
The method navigateApp(String, WebDriver) is undefined for the type BaseClass

at Ctom.SDET34L1GenericUtility.BaseClass.beforeClassTest(BaseClass.java:78)
at java.base/java.util.ArrayList.forEach(ArrayList.java:1511)
at java.base/java.util.concurrent.FutureTask.run(FutureTask.java:264)
at java.base/java.util.concurrent.ThreadPoolExecutor.runWorker(ThreadPoolExecutor.java:1130)
at java.base/java.util.concurrent.ThreadPoolExecutor$Worker.run(ThreadPoolExecutor.java:630)
at java.base/java.lang.Thread.run(Thread.java:831)
... Removed 16 stack frames]]>
    </failure>
  </testcase> <!-- @BeforeClass beforeClassTest -->
  <testcase classname="Ctom.SDET34L1GenericUtility.BaseClass" name="@BeforeClass beforeClassTest" time="0.002">
    <failure type="java.lang.Error" message="Unresolved compilation problems: 
	s cannot be resolved to a type
	Syntax error on token &amp;quot;.&amp;quot;, ; expected
	The method navigateApp(String, WebDriver) is undefined for the type BaseClass
">
      <![CDATA[java.lang.Error: Unresolved compilation problems: 
s cannot be resolved to a type
Syntax error on token ".", ; expected
The method navigateApp(String, WebDriver) is undefined for the type BaseClass

at Ctom.SDET34L1GenericUtility.BaseClass.beforeClassTest(BaseClass.java:78)
at java.base/java.util.ArrayList.forEach(ArrayList.java:1511)
at java.base/java.util.concurrent.FutureTask.run(FutureTask.java:264)
at java.base/java.util.concurrent.ThreadPoolExecutor.runWorker(ThreadPoolExecutor.java:1130)
at java.base/java.util.concurrent.ThreadPoolExecutor$Worker.run(ThreadPoolExecutor.java:630)
at java.base/java.lang.Thread.run(Thread.java:831)
... Removed 16 stack frames]]>
    </failure>
  </testcase> <!-- @BeforeClass beforeClassTest -->
  <testcase classname="Ctom.SDET34L1GenericUtility.BaseClass" name="@BeforeMethod beforeMethod1Test" time="-1.653371238541E9">
    <skipped/>
  </testcase> <!-- @BeforeMethod beforeMethod1Test -->
  <testcase classname="Ctom.SDET34L1GenericUtility.BaseClass" name="@BeforeMethod beforeMethod1Test" time="-1.653371238539E9">
    <skipped/>
  </testcase> <!-- @BeforeMethod beforeMethod1Test -->
  <testcase classname="Ctom.SDET34L1GenericUtility.BaseClass" name="@AfterMethod afterMethod1Test" time="-1.653371238614E9">
    <skipped/>
  </testcase> <!-- @AfterMethod afterMethod1Test -->
  <testcase classname="Ctom.SDET34L1GenericUtility.BaseClass" name="@AfterMethod afterMethod1Test" time="-1.653371238602E9">
    <skipped/>
  </testcase> <!-- @AfterMethod afterMethod1Test -->
  <testcase classname="Ctom.SDET34L1GenericUtility.BaseClass" name="@AfterClass afterClassTest" time="-1.653371238644E9">
    <skipped/>
  </testcase> <!-- @AfterClass afterClassTest -->
  <testcase classname="Ctom.SDET34L1GenericUtility.BaseClass" name="@AfterClass afterClassTest" time="-1.65337123865E9">
    <skipped/>
  </testcase> <!-- @AfterClass afterClassTest -->
  <testcase classname="Com.vtiger.compaigns.Test.CreateCampaignWithProductNameTest" name="createCampaignTest" time="0.0">
    <skipped/>
  </testcase> <!-- createCampaignTest -->
  <testcase classname="Com.vtiger.contactsTest.CreateContactsTest" name="createcontactspropertiesTest" time="0.0">
    <skipped/>
  </testcase> <!-- createcontactspropertiesTest -->
  <testcase classname="Com.vtiger.compaigns.Test.CreateCompaignsTest" name="createCompaignnsTest" time="0.0">
    <skipped/>
  </testcase> <!-- createCompaignnsTest -->
  <testcase classname="Ctom.SDET34L1GenericUtility.BaseClass" name="@AfterSuite aftersuitTest" time="0.0">
    <ignored/>
  </testcase> <!-- @AfterSuite aftersuitTest -->
  <testcase classname="Ctom.SDET34L1GenericUtility.BaseClass" name="@AfterSuite aftersuitTest" time="0.0">
    <ignored/>
  </testcase> <!-- @AfterSuite aftersuitTest -->
  <testcase classname="Ctom.SDET34L1GenericUtility.BaseClass" name="@BeforeSuite beforesuitTest" time="0.0">
    <ignored/>
  </testcase> <!-- @BeforeSuite beforesuitTest -->
  <testcase classname="Ctom.SDET34L1GenericUtility.BaseClass" name="@BeforeSuite beforesuitTest" time="0.0">
    <ignored/>
  </testcase> <!-- @BeforeSuite beforesuitTest -->
</testsuite> <!-- firefox -->
