<?xml version="1.0" encoding="UTF-8"?>
<!-- Generated by org.testng.reporters.JUnitXMLReporter -->
<testsuite ignored="0" hostname="LAPTOP-BJQHU9G0" failures="0" tests="1" name="Test(failed)" time="0.783" errors="0" timestamp="2022-05-26T09:29:00 IST">
  <testcase classname="Ctom.SDET34L1GenericUtility.BaseClass" name="@BeforeClass beforeClassTest" time="-1.653537540052E9">
    <failure type="org.testng.TestNGException" message="
Parameter &amp;apos;browser&amp;apos; is required by BeforeClass on method beforeClassTest but has not been marked @Optional or defined
in F:\java practice ide\new ptactice\SDET34L1\test-output\testng-failed.xml">
      <![CDATA[org.testng.TestNGException: 
Parameter 'browser' is required by BeforeClass on method beforeClassTest but has not been marked @Optional or defined
in F:\java practice ide\new ptactice\SDET34L1\test-output\testng-failed.xml
at java.base/java.util.ArrayList.forEach(ArrayList.java:1511)
... Removed 22 stack frames]]>
    </failure>
  </testcase> <!-- @BeforeClass beforeClassTest -->
  <testcase classname="Ctom.SDET34L1GenericUtility.BaseClass" name="@BeforeMethod beforeMethod1Test" time="-1.653537540672E9">
    <skipped/>
  </testcase> <!-- @BeforeMethod beforeMethod1Test -->
  <testcase classname="Ctom.SDET34L1GenericUtility.BaseClass" name="@AfterMethod afterMethod1Test" time="-1.653537540746E9">
    <skipped/>
  </testcase> <!-- @AfterMethod afterMethod1Test -->
  <testcase classname="Ctom.SDET34L1GenericUtility.BaseClass" name="@AfterClass afterClassTest" time="-1.653537540756E9">
    <skipped/>
  </testcase> <!-- @AfterClass afterClassTest -->
  <testcase classname="Com.vtiger.compaigns.Test.CreateCompaignsTest" name="createCompaignnsTest" time="0.0">
    <skipped/>
  </testcase> <!-- createCompaignnsTest -->
</testsuite> <!-- Test(failed) -->
