<?xml version="1.0" encoding="UTF-8"?>
<!-- Generated by org.testng.reporters.JUnitReportReporter -->
<testsuite hostname="LAPTOP-BJQHU9G0" failures="0" tests="4" name="Com.vtiger.contactsTest.CreateContactsTest" time="0.008" errors="2" timestamp="2022-05-24T11:17:19 IST" skipped="2">
  <testcase classname="Com.vtiger.contactsTest.CreateContactsTest" name="beforeClassTest" time="0.007">
    <error message="Unresolved compilation problems: 
	s cannot be resolved to a type
	Syntax error on token &quot;.&quot;, ; expected
	The method navigateApp(String, WebDriver) is undefined for the type BaseClass
" type="java.lang.Error">
      <![CDATA[java.lang.Error: Unresolved compilation problems: 
s cannot be resolved to a type
Syntax error on token ".", ; expected
The method navigateApp(String, WebDriver) is undefined for the type BaseClass

at Ctom.SDET34L1GenericUtility.BaseClass.beforeClassTest(BaseClass.java:78)
at java.base/jdk.internal.reflect.NativeMethodAccessorImpl.invoke0(Native Method)
at java.base/jdk.internal.reflect.NativeMethodAccessorImpl.invoke(NativeMethodAccessorImpl.java:78)
at java.base/jdk.internal.reflect.DelegatingMethodAccessorImpl.invoke(DelegatingMethodAccessorImpl.java:43)
at java.base/java.lang.reflect.Method.invoke(Method.java:567)
at org.testng.internal.MethodInvocationHelper.invokeMethod(MethodInvocationHelper.java:133)
at org.testng.internal.MethodInvocationHelper.invokeMethodConsideringTimeout(MethodInvocationHelper.java:62)
at org.testng.internal.ConfigInvoker.invokeConfigurationMethod(ConfigInvoker.java:385)
at org.testng.internal.ConfigInvoker.invokeConfigurations(ConfigInvoker.java:321)
at org.testng.internal.TestMethodWorker.invokeBeforeClassMethods(TestMethodWorker.java:176)
at org.testng.internal.TestMethodWorker.run(TestMethodWorker.java:122)
at java.base/java.util.ArrayList.forEach(ArrayList.java:1511)
at org.testng.TestRunner.privateRun(TestRunner.java:794)
at org.testng.TestRunner.run(TestRunner.java:596)
at org.testng.SuiteRunner.runTest(SuiteRunner.java:377)
at org.testng.SuiteRunner.access$000(SuiteRunner.java:28)
at org.testng.SuiteRunner$SuiteWorker.run(SuiteRunner.java:418)
at org.testng.internal.thread.ThreadUtil.lambda$execute$0(ThreadUtil.java:64)
at java.base/java.util.concurrent.FutureTask.run(FutureTask.java:264)
at java.base/java.util.concurrent.ThreadPoolExecutor.runWorker(ThreadPoolExecutor.java:1130)
at java.base/java.util.concurrent.ThreadPoolExecutor$Worker.run(ThreadPoolExecutor.java:630)
at java.base/java.lang.Thread.run(Thread.java:831)
]]>
    </error>
  </testcase> <!-- beforeClassTest -->
  <system-out/>
  <testcase classname="Com.vtiger.contactsTest.CreateContactsTest" name="createcontactspropertiesTest" time="0.000">
    <skipped/>
  </testcase> <!-- createcontactspropertiesTest -->
  <system-out/>
  <testcase classname="Com.vtiger.contactsTest.CreateContactsTest" name="beforeClassTest" time="0.001">
    <error message="Unresolved compilation problems: 
	s cannot be resolved to a type
	Syntax error on token &quot;.&quot;, ; expected
	The method navigateApp(String, WebDriver) is undefined for the type BaseClass
" type="java.lang.Error">
      <![CDATA[java.lang.Error: Unresolved compilation problems: 
s cannot be resolved to a type
Syntax error on token ".", ; expected
The method navigateApp(String, WebDriver) is undefined for the type BaseClass

at Ctom.SDET34L1GenericUtility.BaseClass.beforeClassTest(BaseClass.java:78)
at java.base/jdk.internal.reflect.NativeMethodAccessorImpl.invoke0(Native Method)
at java.base/jdk.internal.reflect.NativeMethodAccessorImpl.invoke(NativeMethodAccessorImpl.java:78)
at java.base/jdk.internal.reflect.DelegatingMethodAccessorImpl.invoke(DelegatingMethodAccessorImpl.java:43)
at java.base/java.lang.reflect.Method.invoke(Method.java:567)
at org.testng.internal.MethodInvocationHelper.invokeMethod(MethodInvocationHelper.java:133)
at org.testng.internal.MethodInvocationHelper.invokeMethodConsideringTimeout(MethodInvocationHelper.java:62)
at org.testng.internal.ConfigInvoker.invokeConfigurationMethod(ConfigInvoker.java:385)
at org.testng.internal.ConfigInvoker.invokeConfigurations(ConfigInvoker.java:321)
at org.testng.internal.TestMethodWorker.invokeBeforeClassMethods(TestMethodWorker.java:176)
at org.testng.internal.TestMethodWorker.run(TestMethodWorker.java:122)
at java.base/java.util.ArrayList.forEach(ArrayList.java:1511)
at org.testng.TestRunner.privateRun(TestRunner.java:794)
at org.testng.TestRunner.run(TestRunner.java:596)
at org.testng.SuiteRunner.runTest(SuiteRunner.java:377)
at org.testng.SuiteRunner.access$000(SuiteRunner.java:28)
at org.testng.SuiteRunner$SuiteWorker.run(SuiteRunner.java:418)
at org.testng.internal.thread.ThreadUtil.lambda$execute$0(ThreadUtil.java:64)
at java.base/java.util.concurrent.FutureTask.run(FutureTask.java:264)
at java.base/java.util.concurrent.ThreadPoolExecutor.runWorker(ThreadPoolExecutor.java:1130)
at java.base/java.util.concurrent.ThreadPoolExecutor$Worker.run(ThreadPoolExecutor.java:630)
at java.base/java.lang.Thread.run(Thread.java:831)
]]>
    </error>
  </testcase> <!-- beforeClassTest -->
  <system-out/>
  <testcase classname="Com.vtiger.contactsTest.CreateContactsTest" name="createcontactspropertiesTest" time="0.000">
    <skipped/>
  </testcase> <!-- createcontactspropertiesTest -->
  <system-out/>
</testsuite> <!-- Com.vtiger.contactsTest.CreateContactsTest -->
